Image: swr.cn-southwest-2.myhuaweicloud.com/base_image/dockerhub/lmsysorg/sglang:cann8.3.rc2-a3-release20260112
deep-ep                   1.0.0+25542f2c.cann.8.3.rc2.b210
sgl-kernel-npu            2026.1.12
sglang                    0.5.6.post2
sglang-router             0.3.1
torch                     2.8.0+cpu
torch_npu                 2.8.0.post2.dev20251224
torchao                   0.9.0
torchvision               0.23.0
transformers              4.57.1
benchmark_args=Namespace(backend='sglang', base_url=None, host='127.0.0.1', port=6688, dataset_name='random', dataset_path='', model='/root/.cache/modelscope/hub/models/Howeee/DeepSeek-R1-0528-w8a8', served_model_name=None, tokenizer=None, num_prompts=3328, sharegpt_output_len=None, sharegpt_context_len=None, random_input_len=3500, random_output_len=1500, random_range_ratio=1.0, image_count=1, image_resolution='1080p', random_image_count=False, image_format='jpeg', image_content='random', request_rate=16.0, use_trace_timestamps=False, max_concurrency=832, output_file=None, output_details=False, print_requests=False, disable_tqdm=False, disable_stream=False, return_logprob=False, return_routed_experts=False, seed=1, disable_ignore_eos=False, extra_request_body=None, apply_chat_template=False, profile=False, plot_throughput=False, profile_activities=['CPU', 'GPU'], profile_num_steps=None, profile_by_stage=False, profile_stages=None, lora_name=None, lora_request_distribution='uniform', lora_zipf_alpha=1.5, prompt_suffix='', pd_separated=False, profile_prefill_url=None, profile_decode_url=None, flush_cache=False, warmup_requests=1, tokenize_prompt=False, gsp_num_groups=64, gsp_prompts_per_group=16, gsp_system_prompt_len=2048, gsp_question_len=128, gsp_output_len=256, gsp_range_ratio=1.0, gsp_fast_prepare=False, gsp_send_routing_id=False, mooncake_slowdown_factor=1.0, mooncake_num_rounds=1, mooncake_workload='conversation', tag=None)
Namespace(backend='sglang', base_url=None, host='127.0.0.1', port=6688, dataset_name='random', dataset_path='', model='/root/.cache/modelscope/hub/models/Howeee/DeepSeek-R1-0528-w8a8', served_model_name=None, tokenizer=None, num_prompts=3328, sharegpt_output_len=None, sharegpt_context_len=None, random_input_len=3500, random_output_len=1500, random_range_ratio=1.0, image_count=1, image_resolution='1080p', random_image_count=False, image_format='jpeg', image_content='random', request_rate=16.0, use_trace_timestamps=False, max_concurrency=832, output_file=None, output_details=False, print_requests=False, disable_tqdm=False, disable_stream=False, return_logprob=False, return_routed_experts=False, seed=1, disable_ignore_eos=False, extra_request_body=None, apply_chat_template=False, profile=False, plot_throughput=False, profile_activities=['CPU', 'GPU'], profile_num_steps=None, profile_by_stage=False, profile_stages=None, lora_name=None, lora_request_distribution='uniform', lora_zipf_alpha=1.5, prompt_suffix='', pd_separated=False, profile_prefill_url=None, profile_decode_url=None, flush_cache=False, warmup_requests=1, tokenize_prompt=False, gsp_num_groups=64, gsp_prompts_per_group=16, gsp_system_prompt_len=2048, gsp_question_len=128, gsp_output_len=256, gsp_range_ratio=1.0, gsp_fast_prepare=False, gsp_send_routing_id=False, mooncake_slowdown_factor=1.0, mooncake_num_rounds=1, mooncake_workload='conversation', tag=None)

#Input tokens: 11648000
#Output tokens: 4992000
Starting warmup with 1 sequences...
output.error='Traceback (most recent call last):\n  File "/usr/local/python3.11.13/lib/python3.11/site-packages/aiohttp/client_proto.py", line 144, in connection_lost\n    uncompleted = self._parser.feed_eof()\n                  ^^^^^^^^^^^^^^^^^^^^^^^\n  File "aiohttp/_http_parser.pyx", line 506, in aiohttp._http_parser.HttpParser.feed_eof\naiohttp.http_exceptions.TransferEncodingError: 400, message:\n  Not enough data to satisfy transfer length header.\n\nThe above exception was the direct cause of the following exception:\n\nTraceback (most recent call last):\n  File "/usr/local/python3.11.13/lib/python3.11/site-packages/sglang/bench_serving.py", line 603, in async_request_sglang_generate\n    async for chunk_bytes in response.content:\n  File "/usr/local/python3.11.13/lib/python3.11/site-packages/aiohttp/streams.py", line 52, in __anext__\n    rv = await self.read_func()\n         ^^^^^^^^^^^^^^^^^^^^^^\n  File "/usr/local/python3.11.13/lib/python3.11/site-packages/aiohttp/streams.py", line 376, in readline\n    return await self.readuntil()\n           ^^^^^^^^^^^^^^^^^^^^^^\n  File "/usr/local/python3.11.13/lib/python3.11/site-packages/aiohttp/streams.py", line 410, in readuntil\n    await self._wait("readuntil")\n  File "/usr/local/python3.11.13/lib/python3.11/site-packages/aiohttp/streams.py", line 371, in _wait\n    await waiter\naiohttp.client_exceptions.ClientPayloadError: Response payload is not completed: <TransferEncodingError: 400, message=\'Not enough data to satisfy transfer length header.\'>\n'
[ERROR] 2026-01-13-03:22:12 (PID:1534, Device:-1, RankID:-1) ERR99999 UNKNOWN applicaiton exception
